2003.09.05 16:24 B e:\teach\411amin\ECE 411\pic\blue.jpg <-- shannon2 /u/amin/411/ECE 411/pic blue.jpg
2003.09.05 16:24 B e:\teach\411amin\ECE 411\pic\comm_back.gif <-- shannon2 /u/amin/411/ECE 411/pic comm_back.gif
2003.09.05 16:24 B e:\teach\411amin\ECE 411\pic\course-cover.pdf <-- shannon2 /u/amin/411/ECE 411/pic course-cover.pdf
2003.09.05 16:24 B e:\teach\411amin\ECE 411\pic\cover.jpg <-- shannon2 /u/amin/411/ECE 411/pic cover.jpg
2003.09.05 16:24 B e:\teach\411amin\ECE 411\pic\logo300.gif <-- shannon2 /u/amin/411/ECE 411/pic logo300.gif
2003.09.05 16:24 B e:\teach\411amin\ECE 411\pic\title.gif <-- shannon2 /u/amin/411/ECE 411/pic title.gif
2003.09.05 16:24 B e:\teach\411amin\ECE 411\pic\title.vsd <-- shannon2 /u/amin/411/ECE 411/pic title.vsd
2003.09.05 16:26 B E:\teach\411Amin\ECE 411\pic\blue.jpg --> calliope.uwaterloo.ca /u/ggong/public_html/411Amin/ECE 411/pic blue.jpg
2003.09.05 16:26 B E:\teach\411Amin\ECE 411\pic\comm_back.gif --> calliope.uwaterloo.ca /u/ggong/public_html/411Amin/ECE 411/pic comm_back.gif
2003.09.05 16:26 B E:\teach\411Amin\ECE 411\pic\course-cover.pdf --> calliope.uwaterloo.ca /u/ggong/public_html/411Amin/ECE 411/pic course-cover.pdf
2003.09.05 16:27 B E:\teach\411Amin\ECE 411\pic\cover.jpg --> calliope.uwaterloo.ca /u/ggong/public_html/411Amin/ECE 411/pic cover.jpg
2003.09.05 16:27 B E:\teach\411Amin\ECE 411\pic\logo300.gif --> calliope.uwaterloo.ca /u/ggong/public_html/411Amin/ECE 411/pic logo300.gif
2003.09.05 16:27 B E:\teach\411Amin\ECE 411\pic\title.gif --> calliope.uwaterloo.ca /u/ggong/public_html/411Amin/ECE 411/pic title.gif
2003.09.05 16:27 B E:\teach\411Amin\ECE 411\pic\title.vsd --> calliope.uwaterloo.ca /u/ggong/public_html/411Amin/ECE 411/pic title.vsd
2003.09.05 16:27 B E:\teach\411Amin\ECE 411\pic\WS_FTP.LOG --> calliope.uwaterloo.ca /u/ggong/public_html/411Amin/ECE 411/pic WS_FTP.LOG
2003.09.08 17:17 B E:\teach\710T4F03\ECE 710T4\pic\blue.jpg --> calliope.uwaterloo.ca /u/ggong/public_html/710F03/ECE 710T4/pic blue.jpg
2003.09.08 17:17 B E:\teach\710T4F03\ECE 710T4\pic\comm_back.gif --> calliope.uwaterloo.ca /u/ggong/public_html/710F03/ECE 710T4/pic comm_back.gif
2003.09.08 17:17 B E:\teach\710T4F03\ECE 710T4\pic\course-cover.pdf --> calliope.uwaterloo.ca /u/ggong/public_html/710F03/ECE 710T4/pic course-cover.pdf
2003.09.08 17:17 B E:\teach\710T4F03\ECE 710T4\pic\cover.jpg --> calliope.uwaterloo.ca /u/ggong/public_html/710F03/ECE 710T4/pic cover.jpg
2003.09.08 17:17 B E:\teach\710T4F03\ECE 710T4\pic\logo300.gif --> calliope.uwaterloo.ca /u/ggong/public_html/710F03/ECE 710T4/pic logo300.gif
2003.09.08 17:17 B E:\teach\710T4F03\ECE 710T4\pic\title.gif --> calliope.uwaterloo.ca /u/ggong/public_html/710F03/ECE 710T4/pic title.gif
2003.09.08 17:17 B E:\teach\710T4F03\ECE 710T4\pic\title.vsd --> calliope.uwaterloo.ca /u/ggong/public_html/710F03/ECE 710T4/pic title.vsd
2003.09.08 17:17 B E:\teach\710T4F03\ECE 710T4\pic\WS_FTP.LOG --> calliope.uwaterloo.ca /u/ggong/public_html/710F03/ECE 710T4/pic WS_FTP.LOG
2003.09.08 17:25 B E:\teach\710T4F03\ECE710T4\pic\blue.jpg --> calliope.uwaterloo.ca /u/ggong/public_html/710F03/ECE710T4/pic blue.jpg
2003.09.08 17:25 B E:\teach\710T4F03\ECE710T4\pic\comm_back.gif --> calliope.uwaterloo.ca /u/ggong/public_html/710F03/ECE710T4/pic comm_back.gif
2003.09.08 17:25 B E:\teach\710T4F03\ECE710T4\pic\course-cover.pdf --> calliope.uwaterloo.ca /u/ggong/public_html/710F03/ECE710T4/pic course-cover.pdf
2003.09.08 17:25 B E:\teach\710T4F03\ECE710T4\pic\cover.jpg --> calliope.uwaterloo.ca /u/ggong/public_html/710F03/ECE710T4/pic cover.jpg
2003.09.08 17:25 B E:\teach\710T4F03\ECE710T4\pic\logo300.gif --> calliope.uwaterloo.ca /u/ggong/public_html/710F03/ECE710T4/pic logo300.gif
2003.09.08 17:25 B E:\teach\710T4F03\ECE710T4\pic\title.gif --> calliope.uwaterloo.ca /u/ggong/public_html/710F03/ECE710T4/pic title.gif
2003.09.08 17:25 B E:\teach\710T4F03\ECE710T4\pic\title.vsd --> calliope.uwaterloo.ca /u/ggong/public_html/710F03/ECE710T4/pic title.vsd
2004.09.10 13:56 B E:\Gong\public_html\710F03\ECE710T4\pic\WS_FTP.LOG <-- calliope.uwaterloo.ca /u/ggong/public_html/710F03/ECE710T4/pic WS_FTP.LOG
2004.09.10 17:48 B E:\Gong\public_html\716F04\ECE716\pic\blue.jpg --> calliope.uwaterloo.ca /u/ggong/public_html/716F04/ECE716/pic blue.jpg
2004.09.10 17:48 B E:\Gong\public_html\716F04\ECE716\pic\comm_back.gif --> calliope.uwaterloo.ca /u/ggong/public_html/716F04/ECE716/pic comm_back.gif
2004.09.10 17:48 B E:\Gong\public_html\716F04\ECE716\pic\course-cover.pdf --> calliope.uwaterloo.ca /u/ggong/public_html/716F04/ECE716/pic course-cover.pdf
2004.09.10 17:48 B E:\Gong\public_html\716F04\ECE716\pic\cover.jpg --> calliope.uwaterloo.ca /u/ggong/public_html/716F04/ECE716/pic cover.jpg
2004.09.10 17:48 B E:\Gong\public_html\716F04\ECE716\pic\logo300.gif --> calliope.uwaterloo.ca /u/ggong/public_html/716F04/ECE716/pic logo300.gif
2004.09.10 17:48 B E:\Gong\public_html\716F04\ECE716\pic\title.gif --> calliope.uwaterloo.ca /u/ggong/public_html/716F04/ECE716/pic title.gif
2004.09.10 17:48 B E:\Gong\public_html\716F04\ECE716\pic\title.vsd --> calliope.uwaterloo.ca /u/ggong/public_html/716F04/ECE716/pic title.vsd
2004.09.10 17:48 B E:\Gong\public_html\716F04\ECE716\pic\WS_FTP.LOG --> calliope.uwaterloo.ca /u/ggong/public_html/716F04/ECE716/pic WS_FTP.LOG
2004.09.10 17:56 B E:\Gong\public_html\ECE716\ECE716\pic\blue.jpg --> calliope.uwaterloo.ca /u/ggong/public_html/ECE716/ECE716/pic blue.jpg
2004.09.10 17:56 B E:\Gong\public_html\ECE716\ECE716\pic\comm_back.gif --> calliope.uwaterloo.ca /u/ggong/public_html/ECE716/ECE716/pic comm_back.gif
2004.09.10 17:56 B E:\Gong\public_html\ECE716\ECE716\pic\course-cover.pdf --> calliope.uwaterloo.ca /u/ggong/public_html/ECE716/ECE716/pic course-cover.pdf
2004.09.10 17:56 B E:\Gong\public_html\ECE716\ECE716\pic\cover.jpg --> calliope.uwaterloo.ca /u/ggong/public_html/ECE716/ECE716/pic cover.jpg
2004.09.10 17:56 B E:\Gong\public_html\ECE716\ECE716\pic\logo300.gif --> calliope.uwaterloo.ca /u/ggong/public_html/ECE716/ECE716/pic logo300.gif
2004.09.10 17:56 B E:\Gong\public_html\ECE716\ECE716\pic\title.gif --> calliope.uwaterloo.ca /u/ggong/public_html/ECE716/ECE716/pic title.gif
2004.09.10 17:56 B E:\Gong\public_html\ECE716\ECE716\pic\title.vsd --> calliope.uwaterloo.ca /u/ggong/public_html/ECE716/ECE716/pic title.vsd
2004.09.10 18:49 B E:\Gong\public_html\ECE716\ECE716\pic\WS_FTP.LOG <-- calliope.uwaterloo.ca /u/ggong/public_html/ECE716/ECE716/pic WS_FTP.LOG
2004.12.03 11:34 B E:\Gong\public_html\GolombGongBook\GolombGongBook\pic\blue.jpg --> calliope.uwaterloo.ca /u/ggong/public_html/GolombGongBook/GolombGongBook/pic blue.jpg
2004.12.03 11:34 B E:\Gong\public_html\GolombGongBook\GolombGongBook\pic\cover.jpg --> calliope.uwaterloo.ca /u/ggong/public_html/GolombGongBook/GolombGongBook/pic cover.jpg
2004.12.03 11:34 B E:\Gong\public_html\GolombGongBook\GolombGongBook\pic\logo300.gif --> calliope.uwaterloo.ca /u/ggong/public_html/GolombGongBook/GolombGongBook/pic logo300.gif
2004.12.03 11:34 B E:\Gong\public_html\GolombGongBook\GolombGongBook\pic\logo_card_white.EPS --> calliope.uwaterloo.ca /u/ggong/public_html/GolombGongBook/GolombGongBook/pic logo_card_white.EPS
2004.12.03 11:34 B E:\Gong\public_html\GolombGongBook\GolombGongBook\pic\logo_card_white.zip --> calliope.uwaterloo.ca /u/ggong/public_html/GolombGongBook/GolombGongBook/pic logo_card_white.zip
2004.12.03 11:34 B E:\Gong\public_html\GolombGongBook\GolombGongBook\pic\Thumbs.db --> calliope.uwaterloo.ca /u/ggong/public_html/GolombGongBook/GolombGongBook/pic Thumbs.db
2004.12.03 11:34 B E:\Gong\public_html\GolombGongBook\GolombGongBook\pic\WS_FTP.LOG --> calliope.uwaterloo.ca /u/ggong/public_html/GolombGongBook/GolombGongBook/pic WS_FTP.LOG
